Performing system checks...

System check identified no issues (0 silenced).
November 15, 2018 - 13:36:58
Django version 2.1.1, using settings 'myproject.settings'
Starting development server at http://0.0.0.0:8000/
Quit the server with CONTROL-C.
[15/Nov/2018 13:38:05] "GET / HTTP/1.1" 200 1340
[15/Nov/2018 13:38:19] "GET / HTTP/1.1" 200 1340
[15/Nov/2018 13:38:24] "GET / HTTP/1.1" 200 1340
[15/Nov/2018 13:38:42] "GET / HTTP/1.1" 200 1340
[15/Nov/2018 13:46:48] "GET / HTTP/1.1" 200 1340
[15/Nov/2018 13:46:52] "GET / HTTP/1.1" 200 1340
[15/Nov/2018 13:47:35] "GET / HTTP/1.1" 200 1340
[15/Nov/2018 13:47:36] "GET /static/css/bootstrap.min.css HTTP/1.1" 200 144877
Not Found: /favicon.ico
[15/Nov/2018 13:47:36] "GET /favicon.ico HTTP/1.1" 404 2095
[15/Nov/2018 13:48:35] "GET / HTTP/1.1" 200 1340
Not Found: /favicon.ico
[15/Nov/2018 13:48:50] "GET /favicon.ico HTTP/1.1" 404 2095
[15/Nov/2018 13:48:50] "GET / HTTP/1.1" 200 1340
[15/Nov/2018 13:49:03] "GET / HTTP/1.1" 200 1340
Not Found: /favicon.ico
[15/Nov/2018 14:07:28] "GET /favicon.ico HTTP/1.1" 404 2095
[15/Nov/2018 14:07:34] "GET /admin HTTP/1.1" 301 0
[15/Nov/2018 14:07:34] "GET /admin/ HTTP/1.1" 302 0
[15/Nov/2018 14:07:35] "GET /admin/login/?next=/admin/ HTTP/1.1" 200 1819
[15/Nov/2018 14:07:35] "GET /static/admin/css/responsive.css HTTP/1.1" 200 17976
[15/Nov/2018 14:07:35] "GET /static/admin/css/login.css HTTP/1.1" 200 1203
[15/Nov/2018 14:07:35] "GET /static/admin/css/base.css HTTP/1.1" 200 16225
[15/Nov/2018 14:07:35] "GET /static/admin/css/fonts.css HTTP/1.1" 200 423
[15/Nov/2018 14:07:36] "GET /static/admin/fonts/Roboto-Light-webfont.woff HTTP/1.1" 200 81348
[15/Nov/2018 14:07:36] "GET /static/admin/fonts/Roboto-Regular-webfont.woff HTTP/1.1" 200 80304
[15/Nov/2018 14:07:59] "POST /admin/login/?next=/admin/ HTTP/1.1" 200 1980
[15/Nov/2018 14:07:59] "GET /static/admin/fonts/Roboto-Bold-webfont.woff HTTP/1.1" 200 82564
[15/Nov/2018 14:08:21] "POST /admin/login/?next=/admin/ HTTP/1.1" 302 0
[15/Nov/2018 14:08:22] "GET /admin/ HTTP/1.1" 200 4028
[15/Nov/2018 14:08:22] "GET /static/admin/css/dashboard.css HTTP/1.1" 200 412
[15/Nov/2018 14:08:22] "GET /static/admin/img/icon-changelink.svg HTTP/1.1" 200 380
[15/Nov/2018 14:08:22] "GET /static/admin/img/icon-addlink.svg HTTP/1.1" 200 331
[15/Nov/2018 14:08:36] "GET /admin/boards/board/3/change/ HTTP/1.1" 200 4734
[15/Nov/2018 14:08:36] "GET /static/admin/css/forms.css HTTP/1.1" 200 8505
[15/Nov/2018 14:08:36] "GET /static/admin/js/admin/RelatedObjectLookups.js HTTP/1.1" 200 6918
[15/Nov/2018 14:08:36] "GET /static/admin/js/jquery.init.js HTTP/1.1" 200 363
[15/Nov/2018 14:08:36] "GET /static/admin/js/urlify.js HTTP/1.1" 200 8972
[15/Nov/2018 14:08:36] "GET /static/admin/js/change_form.js HTTP/1.1" 200 712
[15/Nov/2018 14:08:36] "GET /static/admin/js/actions.js HTTP/1.1" 200 6538
[15/Nov/2018 14:08:36] "GET /static/admin/js/prepopulate.js HTTP/1.1" 200 1530
[15/Nov/2018 14:08:36] "GET /static/admin/js/prepopulate_init.js HTTP/1.1" 200 495
[15/Nov/2018 14:08:36] "GET /static/admin/js/core.js HTTP/1.1" 200 7134
[15/Nov/2018 14:08:36] "GET /admin/jsi18n/ HTTP/1.1" 200 3185
[15/Nov/2018 14:08:36] "GET /static/admin/js/vendor/xregexp/xregexp.js HTTP/1.1" 200 128820
[15/Nov/2018 14:08:36] "GET /static/admin/css/widgets.css HTTP/1.1" 200 10340
[15/Nov/2018 14:08:36] "GET /static/admin/js/vendor/jquery/jquery.js HTTP/1.1" 200 271751
[15/Nov/2018 14:08:54] "POST /admin/boards/board/3/change/ HTTP/1.1" 302 0
[15/Nov/2018 14:08:55] "GET /admin/boards/board/ HTTP/1.1" 200 4938
[15/Nov/2018 14:08:55] "GET /static/admin/css/changelists.css HTTP/1.1" 200 6170
[15/Nov/2018 14:08:55] "GET /admin/jsi18n/ HTTP/1.1" 200 3185
[15/Nov/2018 14:08:55] "GET /static/admin/img/icon-yes.svg HTTP/1.1" 200 436
[15/Nov/2018 14:08:55] "GET /static/admin/img/tooltag-add.svg HTTP/1.1" 200 331
[15/Nov/2018 14:09:09] "GET /admin/boards/ HTTP/1.1" 200 2434
[15/Nov/2018 14:09:12] "GET /admin/boards/board/ HTTP/1.1" 200 4758
[15/Nov/2018 14:09:12] "GET /admin/jsi18n/ HTTP/1.1" 200 3185
[15/Nov/2018 14:09:15] "GET /admin/boards/board/3/change/ HTTP/1.1" 200 4741
[15/Nov/2018 14:09:15] "GET /admin/jsi18n/ HTTP/1.1" 200 3185
[15/Nov/2018 14:09:25] "GET /admin/boards/board/ HTTP/1.1" 200 4758
[15/Nov/2018 14:09:26] "GET /admin/jsi18n/ HTTP/1.1" 200 3185
[15/Nov/2018 14:09:31] "GET /admin/ HTTP/1.1" 200 4313
[15/Nov/2018 14:09:41] "GET /admin/logout/ HTTP/1.1" 200 1207
Invalid HTTP_HOST header: '210.187.147.23'. You may need to add '210.187.147.23' to ALLOWED_HOSTS.
Bad Request: /
[15/Nov/2018 19:51:41] "GET / HTTP/1.1" 400 61817
[15/Nov/2018 23:05:41] "GET /admin/logout/ HTTP/1.1" 302 0
[15/Nov/2018 23:05:42] "GET /admin/ HTTP/1.1" 302 0
[15/Nov/2018 23:05:42] "GET /admin/login/?next=/admin/ HTTP/1.1" 200 1819
Not Found: /favicon.ico
[15/Nov/2018 23:05:43] "GET /favicon.ico HTTP/1.1" 404 2095
Invalid HTTP_HOST header: 'raspberrypi:8000'. You may need to add 'raspberrypi' to ALLOWED_HOSTS.
Bad Request: /
[16/Nov/2018 00:20:00] "GET / HTTP/1.0" 400 61687
Invalid HTTP_HOST header: '210.187.147.23:8000'. You may need to add '210.187.147.23' to ALLOWED_HOSTS.
Bad Request: /
[16/Nov/2018 01:01:30] "GET / HTTP/1.1" 400 62384
[16/Nov/2018 02:03:26] "GET / HTTP/1.1" 200 1347
[16/Nov/2018 02:03:34] "GET / HTTP/1.1" 200 1347
[16/Nov/2018 02:03:34] "GET /admin/boards/board/ HTTP/1.1" 200 4758
[16/Nov/2018 02:03:35] "GET /admin/jsi18n/ HTTP/1.1" 200 3185
[16/Nov/2018 02:03:35] "GET /admin/ HTTP/1.1" 200 4313
[16/Nov/2018 02:03:35] "GET /admin/ HTTP/1.1" 200 4313
Invalid HTTP_HOST header: '210.187.147.23:8000'. You may need to add '210.187.147.23' to ALLOWED_HOSTS.
Bad Request: /
[16/Nov/2018 03:58:10] "GET / HTTP/1.1" 400 62166
Unhandled exception in thread started by <function check_errors.<locals>.wrapper at 0x75831a98>
Traceback (most recent call last):
  File "/home/pi/Development/myproject/venv/lib/python3.7/site-packages/django/utils/autoreload.py", line 225, in wrapper
    fn(*args, **kwargs)
  File "/home/pi/Development/myproject/venv/lib/python3.7/site-packages/django/core/management/commands/runserver.py", line 117, in inner_run
    self.check(display_num_errors=True)
  File "/home/pi/Development/myproject/venv/lib/python3.7/site-packages/django/core/management/base.py", line 379, in check
    include_deployment_checks=include_deployment_checks,
  File "/home/pi/Development/myproject/venv/lib/python3.7/site-packages/django/core/management/base.py", line 366, in _run_checks
    return checks.run_checks(**kwargs)
  File "/home/pi/Development/myproject/venv/lib/python3.7/site-packages/django/core/checks/registry.py", line 71, in run_checks
    new_errors = check(app_configs=app_configs)
  File "/home/pi/Development/myproject/venv/lib/python3.7/site-packages/django/core/checks/urls.py", line 13, in check_url_config
    return check_resolver(resolver)
  File "/home/pi/Development/myproject/venv/lib/python3.7/site-packages/django/core/checks/urls.py", line 23, in check_resolver
    return check_method()
  File "/home/pi/Development/myproject/venv/lib/python3.7/site-packages/django/urls/resolvers.py", line 396, in check
    for pattern in self.url_patterns:
  File "/home/pi/Development/myproject/venv/lib/python3.7/site-packages/django/utils/functional.py", line 37, in __get__
    res = instance.__dict__[self.name] = self.func(instance)
  File "/home/pi/Development/myproject/venv/lib/python3.7/site-packages/django/urls/resolvers.py", line 533, in url_patterns
    patterns = getattr(self.urlconf_module, "urlpatterns", self.urlconf_module)
  File "/home/pi/Development/myproject/venv/lib/python3.7/site-packages/django/utils/functional.py", line 37, in __get__
    res = instance.__dict__[self.name] = self.func(instance)
  File "/home/pi/Development/myproject/venv/lib/python3.7/site-packages/django/urls/resolvers.py", line 526, in urlconf_module
    return import_module(self.urlconf_name)
  File "/home/pi/Development/myproject/venv/lib/python3.7/importlib/__init__.py", line 127, in import_module
    return _bootstrap._gcd_import(name[level:], package, level)
  File "<frozen importlib._bootstrap>", line 1006, in _gcd_import
  File "<frozen importlib._bootstrap>", line 983, in _find_and_load
  File "<frozen importlib._bootstrap>", line 967, in _find_and_load_unlocked
  File "<frozen importlib._bootstrap>", line 677, in _load_unlocked
  File "<frozen importlib._bootstrap_external>", line 728, in exec_module
  File "<frozen importlib._bootstrap>", line 219, in _call_with_frames_removed
  File "/home/pi/Development/myproject/myproject/myproject/urls.py", line 22, in <module>
    url(r'^boards/(?P<pk>\d+)/$', views.boards_topics, name='board_topics'),
AttributeError: module 'boards.views' has no attribute 'boards_topics'
Performing system checks...

[19/Nov/2018 00:20:35] "GET /static/css/bootstrap.min.css HTTP/1.1" 304 0
[19/Nov/2018 00:20:35] "GET / HTTP/1.1" 200 1422
[19/Nov/2018 00:20:39] "GET /static/admin/css/changelists.css HTTP/1.1" 304 0
[19/Nov/2018 00:20:39] "GET /static/admin/js/jquery.init.js HTTP/1.1" 304 0
[19/Nov/2018 00:20:39] "GET /static/admin/js/actions.js HTTP/1.1" 304 0
[19/Nov/2018 00:20:39] "GET /static/admin/js/admin/RelatedObjectLookups.js HTTP/1.1" 304 0
[19/Nov/2018 00:20:39] "GET /static/admin/js/core.js HTTP/1.1" 304 0
[19/Nov/2018 00:20:39] "GET /static/admin/js/urlify.js HTTP/1.1" 304 0
[19/Nov/2018 00:20:39] "GET /static/admin/js/vendor/jquery/jquery.js HTTP/1.1" 304 0
[19/Nov/2018 00:20:39] "GET /static/admin/js/vendor/xregexp/xregexp.js HTTP/1.1" 304 0
[19/Nov/2018 00:20:39] "GET /static/admin/js/prepopulate.js HTTP/1.1" 304 0
[19/Nov/2018 00:20:39] "GET /admin/boards/board/ HTTP/1.1" 200 4758
[19/Nov/2018 00:20:39] "GET / HTTP/1.1" 200 1422
Not Found: /boards
[19/Nov/2018 00:20:44] "GET /boards HTTP/1.1" 404 2228
Not Found: /favicon.ico
[19/Nov/2018 00:20:44] "GET /favicon.ico HTTP/1.1" 404 2243
Not Found: /boards
[19/Nov/2018 00:20:47] "GET /boards HTTP/1.1" 404 2228
Not Found: /boards
[19/Nov/2018 00:20:49] "GET /boards HTTP/1.1" 404 2228
Not Found: /board
[19/Nov/2018 00:20:49] "GET /board HTTP/1.1" 404 2225
Not Found: /favicon.ico
[19/Nov/2018 00:20:50] "GET /favicon.ico HTTP/1.1" 404 2243
Not Found: /boards
[19/Nov/2018 00:20:53] "GET /boards HTTP/1.1" 404 2228
[19/Nov/2018 00:20:54] "GET /boards/1 HTTP/1.1" 301 0
[19/Nov/2018 00:20:54] "GET /boards/1/ HTTP/1.1" 200 393
Not Found: /favicon.ico
[19/Nov/2018 00:20:54] "GET /favicon.ico HTTP/1.1" 404 2243
[19/Nov/2018 00:20:56] "GET / HTTP/1.1" 200 1422
[19/Nov/2018 00:20:58] "GET /boards/1/ HTTP/1.1" 200 393
[19/Nov/2018 00:21:00] "GET / HTTP/1.1" 200 1422
[19/Nov/2018 00:21:06] "GET /boards/2/ HTTP/1.1" 200 393
Not Found: /favicon.ico
[19/Nov/2018 00:21:06] "GET /favicon.ico HTTP/1.1" 404 2243
[19/Nov/2018 00:21:08] "GET / HTTP/1.1" 200 1422
[19/Nov/2018 00:21:10] "GET /boards/3/ HTTP/1.1" 200 393
Not Found: /favicon.ico
[19/Nov/2018 00:21:10] "GET /favicon.ico HTTP/1.1" 404 2243
[19/Nov/2018 00:21:12] "GET / HTTP/1.1" 200 1422
[19/Nov/2018 01:02:36] "GET / HTTP/1.1" 200 1422
[19/Nov/2018 01:02:37] "GET /static/css/bootstrap.min.css HTTP/1.1" 304 0
Not Found: /favicon.ico
[19/Nov/2018 01:02:37] "GET /favicon.ico HTTP/1.1" 404 2243
[19/Nov/2018 01:02:43] "GET /boards/1/ HTTP/1.1" 200 393
[19/Nov/2018 01:02:43] "GET /static/css/bootstrap.min.css HTTP/1.1" 304 0
[19/Nov/2018 01:02:45] "GET / HTTP/1.1" 200 1422
[19/Nov/2018 01:02:45] "GET /static/css/bootstrap.min.css HTTP/1.1" 304 0
[19/Nov/2018 01:02:50] "GET /boards/1/ HTTP/1.1" 200 393
[19/Nov/2018 01:02:50] "GET /static/css/bootstrap.min.css HTTP/1.1" 304 0
[19/Nov/2018 01:02:52] "GET / HTTP/1.1" 200 1422
[19/Nov/2018 01:02:52] "GET /static/css/bootstrap.min.css HTTP/1.1" 304 0
[19/Nov/2018 01:02:53] "GET /boards/2/ HTTP/1.1" 200 393
[19/Nov/2018 01:02:53] "GET /static/css/bootstrap.min.css HTTP/1.1" 304 0
[19/Nov/2018 01:02:56] "GET / HTTP/1.1" 200 1422
[19/Nov/2018 01:02:56] "GET /static/css/bootstrap.min.css HTTP/1.1" 304 0
[19/Nov/2018 01:02:57] "GET /boards/3/ HTTP/1.1" 200 393
[19/Nov/2018 01:02:58] "GET /static/css/bootstrap.min.css HTTP/1.1" 304 0
[19/Nov/2018 01:02:59] "GET / HTTP/1.1" 200 1422
[19/Nov/2018 01:02:59] "GET /static/css/bootstrap.min.css HTTP/1.1" 304 0
[19/Nov/2018 01:03:09] "GET / HTTP/1.1" 200 1422
[19/Nov/2018 01:03:09] "GET /static/css/bootstrap.min.css HTTP/1.1" 304 0
Invalid HTTP_HOST header: '1.2.3.4'. You may need to add '1.2.3.4' to ALLOWED_HOSTS.
Bad Request: /
[19/Nov/2018 01:37:16] "GET / HTTP/1.0" 400 61666
[19/Nov/2018 06:57:54] "GET / HTTP/1.1" 200 1422
[19/Nov/2018 06:57:55] "GET /static/css/bootstrap.min.css HTTP/1.1" 304 0
Not Found: /favicon.ico
[19/Nov/2018 06:57:55] "GET /favicon.ico HTTP/1.1" 404 2243
[19/Nov/2018 06:57:59] "GET /boards/1/ HTTP/1.1" 200 393
[19/Nov/2018 06:57:59] "GET /static/css/bootstrap.min.css HTTP/1.1" 304 0
[19/Nov/2018 06:58:03] "GET / HTTP/1.1" 200 1422
[19/Nov/2018 06:58:03] "GET /static/css/bootstrap.min.css HTTP/1.1" 304 0
